# JRE version: Java(TM) SE Runtime Environment (8.0_241-b07) (build 1.8.0_241-b07)
# Java VM: Java HotSpot(TM) 64-Bit Server VM (25.241-b07 mixed mode windows-amd64 compressed oops)
Heap:
 PSYoungGen      total 16896K, used 8835K [0x00000000edd80000, 0x00000000efb00000, 0x0000000100000000)
  eden space 14848K, 59% used [0x00000000edd80000,0x00000000ee620fe0,0x00000000eec00000)
  from space 2048K, 0% used [0x00000000eec00000,0x00000000eec00000,0x00000000eee00000)
  to   space 7680K, 0% used [0x00000000ef380000,0x00000000ef380000,0x00000000efb00000)
 ParOldGen       total 46592K, used 17433K [0x00000000c9800000, 0x00000000cc580000, 0x00000000edd80000)
  object space 46592K, 37% used [0x00000000c9800000,0x00000000ca906570,0x00000000cc580000)
 Metaspace       used 24831K, capacity 25546K, committed 25984K, reserved 1071104K
  class space    used 3375K, capacity 3608K, committed 3712K, reserved 1048576K
GC Heap History (10 events):
Event: 5.592 GC heap before
{Heap before GC invocations=2 (full 0):
 PSYoungGen      total 16896K, used 15688K [0x00000000edd80000, 0x00000000ef000000, 0x0000000100000000)
  eden space 14848K, 91% used [0x00000000edd80000,0x00000000eead6190,0x00000000eec00000)
  from space 2048K, 99% used [0x00000000eec00000,0x00000000eedfc040,0x00000000eee00000)
  to   space 2048K, 0% used [0x00000000eee00000,0x00000000eee00000,0x00000000ef000000)
 ParOldGen       total 38400K, used 96K [0x00000000c9800000, 0x00000000cbd80000, 0x00000000edd80000)
  object space 38400K, 0% used [0x00000000c9800000,0x00000000c9818000,0x00000000cbd80000)
 Metaspace       used 11855K, capacity 12252K, committed 12416K, reserved 1060864K
  class space    used 1531K, capacity 1642K, committed 1664K, reserved 1048576K
Event: 5.618 GC heap after
Heap after GC invocations=2 (full 0):
 PSYoungGen      total 16896K, used 2032K [0x00000000edd80000, 0x00000000efe80000, 0x0000000100000000)
  eden space 14848K, 0% used [0x00000000edd80000,0x00000000edd80000,0x00000000eec00000)
  from space 2048K, 99% used [0x00000000eee00000,0x00000000eeffc020,0x00000000ef000000)
  to   space 2048K, 0% used [0x00000000eec00000,0x00000000eec00000,0x00000000eee00000)
 ParOldGen       total 38400K, used 3756K [0x00000000c9800000, 0x00000000cbd80000, 0x00000000edd80000)
  object space 38400K, 9% used [0x00000000c9800000,0x00000000c9bab0a0,0x00000000cbd80000)
 Metaspace       used 11855K, capacity 12252K, committed 12416K, reserved 1060864K
  class space    used 1531K, capacity 1642K, committed 1664K, reserved 1048576K
}
Event: 7.352 GC heap before
{Heap before GC invocations=3 (full 0):
 PSYoungGen      total 16896K, used 16880K [0x00000000edd80000, 0x00000000efe80000, 0x0000000100000000)
  eden space 14848K, 100% used [0x00000000edd80000,0x00000000eec00000,0x00000000eec00000)
  from space 2048K, 99% used [0x00000000eee00000,0x00000000eeffc020,0x00000000ef000000)
  to   space 2048K, 0% used [0x00000000eec00000,0x00000000eec00000,0x00000000eee00000)
 ParOldGen       total 38400K, used 3756K [0x00000000c9800000, 0x00000000cbd80000, 0x00000000edd80000)
  object space 38400K, 9% used [0x00000000c9800000,0x00000000c9bab0a0,0x00000000cbd80000)
 Metaspace       used 15010K, capacity 15556K, committed 15744K, reserved 1062912K
  class space    used 2141K, capacity 2306K, committed 2432K, reserved 1048576K
Event: 7.365 GC heap after
Heap after GC invocations=3 (full 0):
 PSYoungGen      total 16896K, used 1776K [0x00000000edd80000, 0x00000000ef000000, 0x0000000100000000)
  eden space 14848K, 0% used [0x00000000edd80000,0x00000000edd80000,0x00000000eec00000)
  from space 2048K, 86% used [0x00000000eec00000,0x00000000eedbc010,0x00000000eee00000)
  to   space 2048K, 0% used [0x00000000eee00000,0x00000000eee00000,0x00000000ef000000)
 ParOldGen       total 38400K, used 9739K [0x00000000c9800000, 0x00000000cbd80000, 0x00000000edd80000)
  object space 38400K, 25% used [0x00000000c9800000,0x00000000ca182d70,0x00000000cbd80000)
 Metaspace       used 15010K, capacity 15556K, committed 15744K, reserved 1062912K
  class space    used 2141K, capacity 2306K, committed 2432K, reserved 1048576K
}
Event: 12.619 GC heap before
{Heap before GC invocations=4 (full 0):
 PSYoungGen      total 16896K, used 16618K [0x00000000edd80000, 0x00000000ef000000, 0x0000000100000000)
  eden space 14848K, 99% used [0x00000000edd80000,0x00000000eebfeb70,0x00000000eec00000)
  from space 2048K, 86% used [0x00000000eec00000,0x00000000eedbc010,0x00000000eee00000)
  to   space 2048K, 0% used [0x00000000eee00000,0x00000000eee00000,0x00000000ef000000)
 ParOldGen       total 38400K, used 9739K [0x00000000c9800000, 0x00000000cbd80000, 0x00000000edd80000)
  object space 38400K, 25% used [0x00000000c9800000,0x00000000ca182d70,0x00000000cbd80000)
 Metaspace       used 16848K, capacity 17466K, committed 17792K, reserved 1064960K
  class space    used 2405K, capacity 2588K, committed 2688K, reserved 1048576K
Event: 12.655 GC heap after
Heap after GC invocations=4 (full 0):
 PSYoungGen      total 16896K, used 2016K [0x00000000edd80000, 0x00000000ef000000, 0x0000000100000000)
  eden space 14848K, 0% used [0x00000000edd80000,0x00000000edd80000,0x00000000eec00000)
  from space 2048K, 98% used [0x00000000eee00000,0x00000000eeff8010,0x00000000ef000000)
  to   space 2048K, 0% used [0x00000000eec00000,0x00000000eec00000,0x00000000eee00000)
 ParOldGen       total 38400K, used 13399K [0x00000000c9800000, 0x00000000cbd80000, 0x00000000edd80000)
  object space 38400K, 34% used [0x00000000c9800000,0x00000000ca515fa8,0x00000000cbd80000)
 Metaspace       used 16848K, capacity 17466K, committed 17792K, reserved 1064960K
  class space    used 2405K, capacity 2588K, committed 2688K, reserved 1048576K
}
Event: 13.737 GC heap before
{Heap before GC invocations=5 (full 0):
 PSYoungGen      total 16896K, used 11391K [0x00000000edd80000, 0x00000000ef000000, 0x0000000100000000)
  eden space 14848K, 63% used [0x00000000edd80000,0x00000000ee6a7e90,0x00000000eec00000)
  from space 2048K, 98% used [0x00000000eee00000,0x00000000eeff8010,0x00000000ef000000)
  to   space 2048K, 0% used [0x00000000eec00000,0x00000000eec00000,0x00000000eee00000)
 ParOldGen       total 38400K, used 13399K [0x00000000c9800000, 0x00000000cbd80000, 0x00000000edd80000)
  object space 38400K, 34% used [0x00000000c9800000,0x00000000ca515fa8,0x00000000cbd80000)
 Metaspace       used 20505K, capacity 21134K, committed 21296K, reserved 1067008K
  class space    used 2758K, capacity 2914K, committed 2944K, reserved 1048576K
Event: 13.747 GC heap after
Heap after GC invocations=5 (full 0):
 PSYoungGen      total 16896K, used 2016K [0x00000000edd80000, 0x00000000efb00000, 0x0000000100000000)
  eden space 14848K, 0% used [0x00000000edd80000,0x00000000edd80000,0x00000000eec00000)
  from space 2048K, 98% used [0x00000000eec00000,0x00000000eedf8030,0x00000000eee00000)
  to   space 7680K, 0% used [0x00000000ef380000,0x00000000ef380000,0x00000000efb00000)
 ParOldGen       total 38400K, used 15692K [0x00000000c9800000, 0x00000000cbd80000, 0x00000000edd80000)
  object space 38400K, 40% used [0x00000000c9800000,0x00000000ca753208,0x00000000cbd80000)
 Metaspace       used 20505K, capacity 21134K, committed 21296K, reserved 1067008K
  class space    used 2758K, capacity 2914K, committed 2944K, reserved 1048576K
}
Event: 13.747 GC heap before
{Heap before GC invocations=6 (full 1):
 PSYoungGen      total 16896K, used 2016K [0x00000000edd80000, 0x00000000efb00000, 0x0000000100000000)
  eden space 14848K, 0% used [0x00000000edd80000,0x00000000edd80000,0x00000000eec00000)
  from space 2048K, 98% used [0x00000000eec00000,0x00000000eedf8030,0x00000000eee00000)
  to   space 7680K, 0% used [0x00000000ef380000,0x00000000ef380000,0x00000000efb00000)
 ParOldGen       total 38400K, used 15692K [0x00000000c9800000, 0x00000000cbd80000, 0x00000000edd80000)
  object space 38400K, 40% used [0x00000000c9800000,0x00000000ca753208,0x00000000cbd80000)
 Metaspace       used 20505K, capacity 21134K, committed 21296K, reserved 1067008K
  class space    used 2758K, capacity 2914K, committed 2944K, reserved 1048576K
Event: 13.862 GC heap after
Heap after GC invocations=6 (full 1):
 PSYoungGen      total 16896K, used 0K [0x00000000edd80000, 0x00000000efb00000, 0x0000000100000000)
  eden space 14848K, 0% used [0x00000000edd80000,0x00000000edd80000,0x00000000eec00000)
  from space 2048K, 0% used [0x00000000eec00000,0x00000000eec00000,0x00000000eee00000)
  to   space 7680K, 0% used [0x00000000ef380000,0x00000000ef380000,0x00000000efb00000)
 ParOldGen       total 46592K, used 17433K [0x00000000c9800000, 0x00000000cc580000, 0x00000000edd80000)
  object space 46592K, 37% used [0x00000000c9800000,0x00000000ca906570,0x00000000cc580000)
 Metaspace       used 20505K, capacity 21134K, committed 21296K, reserved 1067008K
  class space    used 2758K, capacity 2914K, committed 2944K, reserved 1048576K
}

